  Animation.cpp
  Animator.cpp
  CaveGenerator.cpp
  CollisionSystem.cpp
  ConfirmButton.cpp
  DeadWallSpawner.cpp
  DeadWallUnit.cpp
  debugPanel.cpp
  DiscardButtion.cpp
  DraggingDemo.cpp
  DrawingSurface.cpp
  EnemySpawner.cpp
  FlashingDemo.cpp
  Gallo.cpp
  GalloProceduralAnimation.cpp
  GameCamera.cpp
  GameOverUI.cpp
  GameScene.cpp
  GameUI.cpp
  GroundRenderer.cpp
  Generating Code...
  Compiling...
  ImageMappingDemo.cpp
  InstructionUI.cpp
  IntroScene.cpp
  LoadingScene.cpp
  LoadingUI.cpp
  mainfunction.cpp
  BaseEngine.cpp
  DisplayableObject.cpp
  FontManager.cpp
  MenuIntroButton.cpp
  MenuQuitButton.cpp
  MenuRecordButton.cpp
  MenuScene.cpp
  MenuStartButton.cpp
  ParticleMap.cpp
  Particles.cpp
  PauseUI.cpp
  Player.cpp
  PlayerController.cpp
  Projectile.cpp
  Generating Code...
  Compiling...
  RecordManager.cpp
  RecordScene.cpp
  RecordUI.cpp
  ResetButton.cpp
  ResultScene.cpp
  ResultUI.cpp
  Room.cpp
  Rune.cpp
  RuneManager.cpp
  SceneBG.cpp
  SceneStateMachine.cpp
  SimpleImage.cpp
  SimpleDemo.cpp
  StarfieldDemo.cpp
  ThunderBolt.cpp
  ThunderZone.cpp
  ThunderZoneController.cpp
  TileManager.cpp
  BouncingBall.cpp
  BouncingBallMain.cpp
  Generating Code...
  Compiling...
  MazeDemoMain.cpp
  MazeDemoObject.cpp
  MazeDemoTileManager.cpp
  Utils.cpp
  ViewCamera.cpp
  Wand.cpp
  WandController.cpp
  WinUI.cpp
  ZoomingDemo.cpp
  Zy21586Engine.cpp
  Zy21586TileManager.cpp
  Generating Code...
  CourseworkBase.vcxproj -> C:\Users\zy21586\Desktop\CPPCoursework2021-v101\/Release\CourseworkBase2020.exe
